<?xml version="1.0" encoding="UTF-8"?>
<!-- Generated by org.testng.reporters.JUnitReportReporter -->
<testsuite hostname="DESKTOP-L5879A9" failures="0" tests="1" name="testcases.FindTransactionsTest" time="2.709" errors="0" timestamp="2025-04-02T19:40:05 IST" skipped="0">
  <testcase classname="testcases.FindTransactionsTest" name="testFindTransactionsNavigation" time="2.709"/>
</testsuite> <!-- testcases.FindTransactionsTest -->
