<?xml version="1.0" encoding="UTF-8"?>
<!-- Generated by org.testng.reporters.JUnitReportReporter -->
<testsuite hostname="DESKTOP-L5879A9" failures="0" tests="1" name="testcases.LogoutTest" time="2.846" errors="0" timestamp="2025-04-03T21:57:11 IST" skipped="0">
  <testcase classname="testcases.LogoutTest" name="testLogout" time="2.846"/>
</testsuite> <!-- testcases.LogoutTest -->
