<?xml version="1.0" encoding="UTF-8"?>
<!-- Generated by org.testng.reporters.JUnitReportReporter -->
<testsuite hostname="DESKTOP-L5879A9" failures="0" tests="2" name="testcases.LoginTest" time="2.500" errors="0" timestamp="2025-04-03T21:57:11 IST" skipped="0">
  <testcase classname="testcases.LoginTest" name="testValidLogin" time="1.130"/>
  <testcase classname="testcases.LoginTest" name="testInvalidLogin" time="1.370"/>
</testsuite> <!-- testcases.LoginTest -->
